<?xml version="1.0" encoding="UTF-8"?>
<!-- Generated by org.testng.reporters.JUnitReportReporter -->
<testsuite hostname="DMathew" failures="0" tests="4" name="testlayer.LoginTest" time="40.622" errors="0" timestamp="2023-09-07T01:12:36 EDT" skipped="0">
  <testcase classname="testlayer.LoginTest" name="Title" time="7.379"/>
  <testcase classname="testlayer.LoginTest" name="Login" time="10.598"/>
  <testcase classname="testlayer.LoginTest" name="Login" time="12.064"/>
  <testcase classname="testlayer.LoginTest" name="Login" time="10.581"/>
</testsuite> <!-- testlayer.LoginTest -->
